2025-02-27T15:10:14.434+05:30  INFO 17852 --- [EmployeePayrollApp] [restartedMain] c.b.e.EmployeePayrollAppApplication      : Starting EmployeePayrollAppApplication using Java 23.0.2 with PID 17852 (C:\Spring-EmployeePayrollApp\EmployeePayrollApp\target\classes started by HP in C:\Spring-EmployeePayrollApp\EmployeePayrollApp)
2025-02-27T15:10:14.438+05:30 DEBUG 17852 --- [EmployeePayrollApp] [restartedMain] c.b.e.EmployeePayrollAppApplication      : Running with Spring Boot v3.4.3, Spring v6.2.3
2025-02-27T15:10:14.439+05:30  INFO 17852 --- [EmployeePayrollApp] [restartedMain] c.b.e.EmployeePayrollAppApplication      : No active profile set, falling back to 1 default profile: "default"
2025-02-27T15:10:15.249+05:30  WARN 17852 --- [EmployeePayrollApp] [restartedMain] c.zaxxer.hikari.util.DriverDataSource    : Registered driver with driverClassName=com.mysql.jdbc.Driver was not found, trying direct instantiation.
2025-02-27T15:10:15.439+05:30  WARN 17852 --- [EmployeePayrollApp] [restartedMain] JpaBaseConfiguration$JpaWebConfiguration : spring.jpa.open-in-view is enabled by default. Therefore, database queries may be performed during view rendering. Explicitly configure spring.jpa.open-in-view to disable this warning
2025-02-27T15:10:15.623+05:30  WARN 17852 --- [EmployeePayrollApp] [restartedMain] ion$DefaultTemplateResolverConfiguration : Cannot find template location: classpath:/templates/ (please add some templates, check your Thymeleaf configuration, or set spring.thymeleaf.check-template-location=false)
2025-02-27T15:10:15.789+05:30  INFO 17852 --- [EmployeePayrollApp] [restartedMain] c.b.e.EmployeePayrollAppApplication      : Started EmployeePayrollAppApplication in 1.471 seconds (process running for 4663.361)
2025-02-27T15:20:09.437+05:30  INFO 16444 --- [EmployeePayrollApp] [restartedMain] c.b.e.EmployeePayrollAppApplication      : Starting EmployeePayrollAppApplication using Java 23.0.2 with PID 16444 (C:\Spring-EmployeePayrollApp\EmployeePayrollApp\target\classes started by HP in C:\Spring-EmployeePayrollApp\EmployeePayrollApp)
2025-02-27T15:20:09.443+05:30 DEBUG 16444 --- [EmployeePayrollApp] [restartedMain] c.b.e.EmployeePayrollAppApplication      : Running with Spring Boot v3.4.3, Spring v6.2.3
2025-02-27T15:20:09.446+05:30  INFO 16444 --- [EmployeePayrollApp] [restartedMain] c.b.e.EmployeePayrollAppApplication      : No active profile set, falling back to 1 default profile: "default"
2025-02-27T15:20:12.343+05:30  WARN 16444 --- [EmployeePayrollApp] [restartedMain] c.zaxxer.hikari.util.DriverDataSource    : Registered driver with driverClassName=com.mysql.jdbc.Driver was not found, trying direct instantiation.
2025-02-27T15:20:15.289+05:30  WARN 16444 --- [EmployeePayrollApp] [restartedMain] JpaBaseConfiguration$JpaWebConfiguration : spring.jpa.open-in-view is enabled by default. Therefore, database queries may be performed during view rendering. Explicitly configure spring.jpa.open-in-view to disable this warning
2025-02-27T15:20:15.834+05:30  WARN 16444 --- [EmployeePayrollApp] [restartedMain] ion$DefaultTemplateResolverConfiguration : Cannot find template location: classpath:/templates/ (please add some templates, check your Thymeleaf configuration, or set spring.thymeleaf.check-template-location=false)
2025-02-27T15:20:16.229+05:30  INFO 16444 --- [EmployeePayrollApp] [restartedMain] c.b.e.EmployeePayrollAppApplication      : Started EmployeePayrollAppApplication in 7.692 seconds (process running for 9.13)
2025-02-27T15:31:41.991+05:30  WARN 16444 --- [EmployeePayrollApp] [HikariPool-1 housekeeper] com.zaxxer.hikari.pool.HikariPool        : HikariPool-1 - Thread starvation or clock leap detected (housekeeper delta=58s430ms831µs).
2025-02-27T15:42:51.015+05:30  INFO 18952 --- [EmployeePayrollApp] [restartedMain] c.b.e.EmployeePayrollAppApplication      : Starting EmployeePayrollAppApplication using Java 23.0.2 with PID 18952 (C:\Spring-EmployeePayrollApp\EmployeePayrollApp\target\classes started by HP in C:\Spring-EmployeePayrollApp\EmployeePayrollApp)
2025-02-27T15:42:51.021+05:30 DEBUG 18952 --- [EmployeePayrollApp] [restartedMain] c.b.e.EmployeePayrollAppApplication      : Running with Spring Boot v3.4.3, Spring v6.2.3
2025-02-27T15:42:51.024+05:30  INFO 18952 --- [EmployeePayrollApp] [restartedMain] c.b.e.EmployeePayrollAppApplication      : No active profile set, falling back to 1 default profile: "default"
2025-02-27T15:42:54.302+05:30  WARN 18952 --- [EmployeePayrollApp] [restartedMain] c.zaxxer.hikari.util.DriverDataSource    : Registered driver with driverClassName=com.mysql.jdbc.Driver was not found, trying direct instantiation.
2025-02-27T15:42:57.762+05:30  WARN 18952 --- [EmployeePayrollApp] [restartedMain] JpaBaseConfiguration$JpaWebConfiguration : spring.jpa.open-in-view is enabled by default. Therefore, database queries may be performed during view rendering. Explicitly configure spring.jpa.open-in-view to disable this warning
2025-02-27T15:42:58.400+05:30  WARN 18952 --- [EmployeePayrollApp] [restartedMain] ion$DefaultTemplateResolverConfiguration : Cannot find template location: classpath:/templates/ (please add some templates, check your Thymeleaf configuration, or set spring.thymeleaf.check-template-location=false)
2025-02-27T15:42:58.871+05:30  INFO 18952 --- [EmployeePayrollApp] [restartedMain] c.b.e.EmployeePayrollAppApplication      : Started EmployeePayrollAppApplication in 8.882 seconds (process running for 10.369)
2025-02-27T15:42:58.878+05:30  INFO 18952 --- [EmployeePayrollApp] [restartedMain] c.b.e.EmployeePayrollAppApplication      : Employee Payroll App Started
